[0m[[0m[0mdebug[0m] [0m[0m> Exec(;Test/compile; collectAnalyses, None, Some(CommandSource(network-1)))[0m
[0m[[0m[0mdebug[0m] [0m[0munmatched Processing event for requestId None: None[0m
[0m[[0m[0mdebug[0m] [0m[0munmatched Done event for requestId None: None[0m
[0m[[0m[0mdebug[0m] [0m[0m> Exec(Test/compile, None, Some(CommandSource(network-1)))[0m
[0m[[0m[0mdebug[0m] [0m[0munmatched Processing event for requestId None: None[0m
[0m[[0m[0mdebug[0m] [0m[0mEvaluating tasks: Test / compile[0m
[0m[[0m[0mdebug[0m] [0m[0mRunning task... Cancel: Signal, check cycles: false, forcegc: true[0m
[0m[[0m[0mdebug[0m] [0m[0mjsonRpcNotify: JsonRpcNotificationMessage(2.0, build/taskStart, {"taskId":{"id":"22","parents":[]},"eventTime":1677267652520,"message":"Compiling tp345","dataKind":"compile-task","data":{"target":{"uri":"file:/C:/Users/grego/OneDrive/Documents/Istic/L2/S2/TP345/#tp345/Compile"}}})[0m
[0m[[0m[0minfo[0m] [0m[0mcompiling 1 Scala source to C:\Users\grego\OneDrive\Documents\Istic\L2\S2\TP345\target\scala-2.13\classes ...[0m
[0m[[0m[0mdebug[0m] [0m[0mjsonRpcNotify: JsonRpcNotificationMessage(2.0, build/logMessage, {"type":3,"message":"compiling 1 Scala source to C:\\Users\\grego\\OneDrive\\Documents\\Istic\\L2\\S2\\TP345\\target\\scala-2.13\\classes ..."})[0m
[0m[[0m[0mdebug[0m] [0m[0mjsonRpcNotify: JsonRpcNotificationMessage(2.0, build/taskProgress, {"taskId":{"id":"22","parents":[]},"eventTime":1677267652700,"message":"Compiling tp345 (15%)","total":26,"progress":15,"dataKind":"compile-progress","data":{"target":{"uri":"file:/C:/Users/grego/OneDrive/Documents/Istic/L2/S2/TP345/#tp345/Compile"}}})[0m
[0m[[0m[0mdebug[0m] [0m[0mjsonRpcNotify: JsonRpcNotificationMessage(2.0, build/taskProgress, {"taskId":{"id":"22","parents":[]},"eventTime":1677267652702,"message":"Compiling tp345 (15%)","total":26,"progress":15,"dataKind":"compile-progress","data":{"target":{"uri":"file:/C:/Users/grego/OneDrive/Documents/Istic/L2/S2/TP345/#tp345/Compile"}}})[0m
[0m[[0m[0mdebug[0m] [0m[0mjsonRpcNotify: JsonRpcNotificationMessage(2.0, build/taskProgress, {"taskId":{"id":"22","parents":[]},"eventTime":1677267652728,"message":"Compiling tp345 (30%)","total":26,"progress":30,"dataKind":"compile-progress","data":{"target":{"uri":"file:/C:/Users/grego/OneDrive/Documents/Istic/L2/S2/TP345/#tp345/Compile"}}})[0m
[0m[[0m[0mdebug[0m] [0m[0mjsonRpcNotify: JsonRpcNotificationMessage(2.0, build/taskProgress, {"taskId":{"id":"22","parents":[]},"eventTime":1677267652744,"message":"Compiling tp345 (30%)","total":26,"progress":30,"dataKind":"compile-progress","data":{"target":{"uri":"file:/C:/Users/grego/OneDrive/Documents/Istic/L2/S2/TP345/#tp345/Compile"}}})[0m
[0m[[0m[0mdebug[0m] [0m[0mjsonRpcNotify: JsonRpcNotificationMessage(2.0, build/publishDiagnostics, {"textDocument":{"uri":"file:///C:/Users/grego/OneDrive/Documents/Istic/L2/S2/TP345/src/main/scala/application/HTMLToString.scala"},"buildTarget":{"uri":"file:/C:/Users/grego/OneDrive/Documents/Istic/L2/S2/TP345/#tp345/Compile"},"diagnostics":[{"range":{"start":{"line":16,"character":31},"end":{"line":19,"character":14}},"severity":2,"source":"sbt","message":"unreachable code"}],"reset":false})[0m
[0m[[0m[33mwarn[0m] [0m[0mC:\Users\grego\OneDrive\Documents\Istic\L2\S2\TP345\src\main\scala\application\HTMLToString.scala:17:32: unreachable code[0m
[0m[[0m[33mwarn[0m] [0m[0m            case Tag(_,_,e) => {[0m
[0m[[0m[33mwarn[0m] [0m[0m                               ^[0m
[0m[[0m[0mdebug[0m] [0m[0mjsonRpcNotify: JsonRpcNotificationMessage(2.0, build/logMessage, {"type":2,"message":"C:\\Users\\grego\\OneDrive\\Documents\\Istic\\L2\\S2\\TP345\\src\\main\\scala\\application\\HTMLToString.scala:17:32: unreachable code"})[0m
[0m[[0m[0mdebug[0m] [0m[0mjsonRpcNotify: JsonRpcNotificationMessage(2.0, build/logMessage, {"type":2,"message":"            case Tag(_,_,e) => {"})[0m
[0m[[0m[0mdebug[0m] [0m[0mjsonRpcNotify: JsonRpcNotificationMessage(2.0, build/logMessage, {"type":2,"message":"                               ^"})[0m
[0m[[0m[0mdebug[0m] [0m[0mjsonRpcNotify: JsonRpcNotificationMessage(2.0, build/taskProgress, {"taskId":{"id":"22","parents":[]},"eventTime":1677267652917,"message":"Compiling tp345 (50%)","total":26,"progress":50,"dataKind":"compile-progress","data":{"target":{"uri":"file:/C:/Users/grego/OneDrive/Documents/Istic/L2/S2/TP345/#tp345/Compile"}}})[0m
[0m[[0m[0mdebug[0m] [0m[0mjsonRpcNotify: JsonRpcNotificationMessage(2.0, build/taskProgress, {"taskId":{"id":"22","parents":[]},"eventTime":1677267652918,"message":"Compiling tp345 (50%)","total":26,"progress":50,"dataKind":"compile-progress","data":{"target":{"uri":"file:/C:/Users/grego/OneDrive/Documents/Istic/L2/S2/TP345/#tp345/Compile"}}})[0m
[0m[[0m[0mdebug[0m] [0m[0mjsonRpcNotify: JsonRpcNotificationMessage(2.0, build/taskProgress, {"taskId":{"id":"22","parents":[]},"eventTime":1677267653134,"message":"Compiling tp345 (65%)","total":26,"progress":65,"dataKind":"compile-progress","data":{"target":{"uri":"file:/C:/Users/grego/OneDrive/Documents/Istic/L2/S2/TP345/#tp345/Compile"}}})[0m
[0m[[0m[0mdebug[0m] [0m[0mjsonRpcNotify: JsonRpcNotificationMessage(2.0, build/taskProgress, {"taskId":{"id":"22","parents":[]},"eventTime":1677267653135,"message":"Compiling tp345 (65%)","total":26,"progress":65,"dataKind":"compile-progress","data":{"target":{"uri":"file:/C:/Users/grego/OneDrive/Documents/Istic/L2/S2/TP345/#tp345/Compile"}}})[0m
[0m[[0m[0mdebug[0m] [0m[0mjsonRpcNotify: JsonRpcNotificationMessage(2.0, build/taskProgress, {"taskId":{"id":"22","parents":[]},"eventTime":1677267653140,"message":"Compiling tp345 (80%)","total":26,"progress":80,"dataKind":"compile-progress","data":{"target":{"uri":"file:/C:/Users/grego/OneDrive/Documents/Istic/L2/S2/TP345/#tp345/Compile"}}})[0m
[0m[[0m[0mdebug[0m] [0m[0mjsonRpcNotify: JsonRpcNotificationMessage(2.0, build/taskProgress, {"taskId":{"id":"22","parents":[]},"eventTime":1677267653140,"message":"Compiling tp345 (80%)","total":26,"progress":80,"dataKind":"compile-progress","data":{"target":{"uri":"file:/C:/Users/grego/OneDrive/Documents/Istic/L2/S2/TP345/#tp345/Compile"}}})[0m
[0m[[0m[0mdebug[0m] [0m[0mjsonRpcNotify: JsonRpcNotificationMessage(2.0, build/taskProgress, {"taskId":{"id":"22","parents":[]},"eventTime":1677267653175,"message":"Compiling tp345 (100%)","total":26,"progress":100,"dataKind":"compile-progress","data":{"target":{"uri":"file:/C:/Users/grego/OneDrive/Documents/Istic/L2/S2/TP345/#tp345/Compile"}}})[0m
[0m[[0m[0mdebug[0m] [0m[0mjsonRpcNotify: JsonRpcNotificationMessage(2.0, build/taskProgress, {"taskId":{"id":"22","parents":[]},"eventTime":1677267653175,"message":"Compiling tp345 (100%)","total":26,"progress":100,"dataKind":"compile-progress","data":{"target":{"uri":"file:/C:/Users/grego/OneDrive/Documents/Istic/L2/S2/TP345/#tp345/Compile"}}})[0m
[0m[[0m[33mwarn[0m] [0m[0mone warning found[0m
[0m[[0m[0mdebug[0m] [0m[0mjsonRpcNotify: JsonRpcNotificationMessage(2.0, build/logMessage, {"type":2,"message":"one warning found"})[0m
[0m[[0m[0mdebug[0m] [0m[0mjsonRpcNotify: JsonRpcNotificationMessage(2.0, build/publishDiagnostics, {"textDocument":{"uri":"file:///C:/Users/grego/OneDrive/Documents/Istic/L2/S2/TP345/src/main/scala/application/HTMLToString.scala"},"buildTarget":{"uri":"file:/C:/Users/grego/OneDrive/Documents/Istic/L2/S2/TP345/#tp345/Compile"},"diagnostics":[{"range":{"start":{"line":16,"character":31},"end":{"line":19,"character":14}},"severity":2,"source":"sbt","message":"unreachable code"}],"reset":true})[0m
[0m[[0m[0mdebug[0m] [0m[0mjsonRpcNotify: JsonRpcNotificationMessage(2.0, build/taskFinish, {"taskId":{"id":"22","parents":[]},"eventTime":1677267653181,"message":"Compiled tp345","status":1,"dataKind":"compile-report","data":{"target":{"uri":"file:/C:/Users/grego/OneDrive/Documents/Istic/L2/S2/TP345/#tp345/Compile"},"errors":0,"warnings":1,"time":661}})[0m
[0m[[0m[0mdebug[0m] [0m[0mjsonRpcNotify: JsonRpcNotificationMessage(2.0, build/taskStart, {"taskId":{"id":"23","parents":[]},"eventTime":1677267653221,"message":"Compiling tp345-test","dataKind":"compile-task","data":{"target":{"uri":"file:/C:/Users/grego/OneDrive/Documents/Istic/L2/S2/TP345/#tp345/Test"}}})[0m
[0m[[0m[0mdebug[0m] [0m[0mjsonRpcNotify: JsonRpcNotificationMessage(2.0, build/taskFinish, {"taskId":{"id":"23","parents":[]},"eventTime":1677267653228,"message":"Compiled tp345-test","status":1,"dataKind":"compile-report","data":{"target":{"uri":"file:/C:/Users/grego/OneDrive/Documents/Istic/L2/S2/TP345/#tp345/Test"},"errors":0,"warnings":0,"time":7}})[0m
[0m[[0m[0mdebug[0m] [0m[0mForcing garbage collection...[0m
[0m[[0m[32msuccess[0m] [0m[0mTotal time: 1 s, completed 24 févr. 2023, 20:40:53[0m
[0m[[0m[0mdebug[0m] [0m[0munmatched Done event for requestId None: None[0m
[0m[[0m[0mdebug[0m] [0m[0m> Exec(collectAnalyses, None, Some(CommandSource(network-1)))[0m
[0m[[0m[0mdebug[0m] [0m[0munmatched Processing event for requestId None: None[0m
[0m[[0m[0mdebug[0m] [0m[0mEvaluating tasks: Compile / collectAnalyses[0m
[0m[[0m[0mdebug[0m] [0m[0mRunning task... Cancel: Signal, check cycles: false, forcegc: true[0m
[0m[[0m[0mdebug[0m] [0m[0manalysis location (C:\Users\grego\OneDrive\Documents\Istic\L2\S2\TP345\target\scala-2.13\zinc\inc_compile_2.13.zip,true)[0m
[0m[[0m[32msuccess[0m] [0m[0mTotal time: 0 s, completed 24 févr. 2023, 20:40:53[0m
[0m[[0m[0mdebug[0m] [0m[0munmatched Done event for requestId None: None[0m
[0m[[0m[0mdebug[0m] [0m[0m> Exec(shell, None, None)[0m
[0m[[0m[0mdebug[0m] [0m[0mUnhandled request received: shutdown: JsonRpcRequestMessage(2.0, ♨38, shutdown, null})[0m
