[0m[[0m[0mdebug[0m] [0m[0m> Exec(;Test/compile; collectAnalyses, None, Some(CommandSource(network-1)))[0m
[0m[[0m[0mdebug[0m] [0m[0munmatched Processing event for requestId None: None[0m
[0m[[0m[0mdebug[0m] [0m[0mUnhandled notification received: textDocument/didClose: JsonRpcNotificationMessage(2.0, textDocument/didClose, {"textDocument":{"uri":"file:///c%3A/Users/grego/OneDrive/Documents/Istic/L2/S2/TP345/src/main/scala/application/FiltrageHTML.scala"}})[0m
[0m[[0m[0mdebug[0m] [0m[0munmatched Done event for requestId None: None[0m
[0m[[0m[0mdebug[0m] [0m[0m> Exec(Test/compile, None, Some(CommandSource(network-1)))[0m
[0m[[0m[0mdebug[0m] [0m[0munmatched Processing event for requestId None: None[0m
[0m[[0m[0mdebug[0m] [0m[0mEvaluating tasks: Test / compile[0m
[0m[[0m[0mdebug[0m] [0m[0mRunning task... Cancel: Signal, check cycles: false, forcegc: true[0m
[0m[[0m[0mdebug[0m] [0m[0mjsonRpcNotify: JsonRpcNotificationMessage(2.0, build/taskStart, {"taskId":{"id":"15","parents":[]},"eventTime":1677261533246,"message":"Compiling tp345","dataKind":"compile-task","data":{"target":{"uri":"file:/C:/Users/grego/OneDrive/Documents/Istic/L2/S2/TP345/#tp345/Compile"}}})[0m
[0m[[0m[0minfo[0m] [0m[0mcompiling 1 Scala source to C:\Users\grego\OneDrive\Documents\Istic\L2\S2\TP345\target\scala-2.13\classes ...[0m
[0m[[0m[0mdebug[0m] [0m[0mjsonRpcNotify: JsonRpcNotificationMessage(2.0, build/logMessage, {"type":3,"message":"compiling 1 Scala source to C:\\Users\\grego\\OneDrive\\Documents\\Istic\\L2\\S2\\TP345\\target\\scala-2.13\\classes ..."})[0m
[0m[[0m[0mdebug[0m] [0m[0mjsonRpcNotify: JsonRpcNotificationMessage(2.0, build/publishDiagnostics, {"textDocument":{"uri":"file:///C:/Users/grego/OneDrive/Documents/Istic/L2/S2/TP345/src/main/scala/application/FiltrageHTML.scala"},"buildTarget":{"uri":"file:/C:/Users/grego/OneDrive/Documents/Istic/L2/S2/TP345/#tp345/Compile"},"diagnostics":[{"range":{"start":{"line":17,"character":8},"end":{"line":17,"character":51}},"severity":1,"source":"sbt","message":"type mismatch;\n found   : Unit\n required: Boolean"}],"reset":false})[0m
[0m[[0m[31merror[0m] [0m[0mC:\Users\grego\OneDrive\Documents\Istic\L2\S2\TP345\src\main\scala\application\FiltrageHTML.scala:18:16: type mismatch;[0m
[0m[[0m[31merror[0m] [0m[0m found   : Unit[0m
[0m[[0m[31merror[0m] [0m[0m required: Boolean[0m
[0m[[0m[31merror[0m] [0m[0m        for( b <- e ) k = k || contientMotCle(b, a)[0m
[0m[[0m[31merror[0m] [0m[0m               ^[0m
[0m[[0m[0mdebug[0m] [0m[0mjsonRpcNotify: JsonRpcNotificationMessage(2.0, build/logMessage, {"type":1,"message":"C:\\Users\\grego\\OneDrive\\Documents\\Istic\\L2\\S2\\TP345\\src\\main\\scala\\application\\FiltrageHTML.scala:18:16: type mismatch;\n found   : Unit\n required: Boolean"})[0m
[0m[[0m[0mdebug[0m] [0m[0mjsonRpcNotify: JsonRpcNotificationMessage(2.0, build/logMessage, {"type":1,"message":"        for( b <- e ) k = k || contientMotCle(b, a)"})[0m
[0m[[0m[0mdebug[0m] [0m[0mjsonRpcNotify: JsonRpcNotificationMessage(2.0, build/logMessage, {"type":1,"message":"               ^"})[0m
[0m[[0m[0mdebug[0m] [0m[0mjsonRpcNotify: JsonRpcNotificationMessage(2.0, build/taskProgress, {"taskId":{"id":"15","parents":[]},"eventTime":1677261533476,"message":"Compiling tp345 (15%)","total":26,"progress":15,"dataKind":"compile-progress","data":{"target":{"uri":"file:/C:/Users/grego/OneDrive/Documents/Istic/L2/S2/TP345/#tp345/Compile"}}})[0m
[0m[[0m[0mdebug[0m] [0m[0mjsonRpcNotify: JsonRpcNotificationMessage(2.0, build/taskProgress, {"taskId":{"id":"15","parents":[]},"eventTime":1677261533477,"message":"Compiling tp345 (15%)","total":26,"progress":15,"dataKind":"compile-progress","data":{"target":{"uri":"file:/C:/Users/grego/OneDrive/Documents/Istic/L2/S2/TP345/#tp345/Compile"}}})[0m
[0m[[0m[31merror[0m] [0m[0mone error found[0m
[0m[[0m[0mdebug[0m] [0m[0mjsonRpcNotify: JsonRpcNotificationMessage(2.0, build/logMessage, {"type":1,"message":"one error found"})[0m
[0m[[0m[0mdebug[0m] [0m[0mjsonRpcNotify: JsonRpcNotificationMessage(2.0, build/publishDiagnostics, {"textDocument":{"uri":"file:///C:/Users/grego/OneDrive/Documents/Istic/L2/S2/TP345/src/main/scala/application/FiltrageHTML.scala"},"buildTarget":{"uri":"file:/C:/Users/grego/OneDrive/Documents/Istic/L2/S2/TP345/#tp345/Compile"},"diagnostics":[{"range":{"start":{"line":17,"character":8},"end":{"line":17,"character":51}},"severity":1,"source":"sbt","message":"type mismatch;\n found   : Unit\n required: Boolean"}],"reset":true})[0m
[0m[[0m[0mdebug[0m] [0m[0mjsonRpcNotify: JsonRpcNotificationMessage(2.0, build/taskFinish, {"taskId":{"id":"15","parents":[]},"eventTime":1677261533486,"message":"Compiled tp345","status":2,"dataKind":"compile-report","data":{"target":{"uri":"file:/C:/Users/grego/OneDrive/Documents/Istic/L2/S2/TP345/#tp345/Compile"},"errors":1,"warnings":0,"time":240}})[0m
[0m[[0m[0mdebug[0m] [0m[0munmatched json error for requestId None: {"code":-32603,"message":"(Compile / \u001b[31mcompileIncremental\u001b[0m) Compilation failed"}[0m
[0m[[0m[31merror[0m] [0m[0m(Compile / [31mcompileIncremental[0m) Compilation failed[0m
[0m[[0m[0mdebug[0m] [0m[0mjsonRpcNotify: JsonRpcNotificationMessage(2.0, build/logMessage, {"type":1,"message":"(Compile / \u001b[31mcompileIncremental\u001b[0m) Compilation failed"})[0m
[0m[[0m[31merror[0m] [0m[0mTotal time: 0 s, completed 24 févr. 2023, 18:58:53[0m
[0m[[0m[0mdebug[0m] [0m[0munmatched Done event for requestId None: None[0m
[0m[[0m[0mdebug[0m] [0m[0m> Exec(shell, None, None)[0m
[0m[[0m[0mdebug[0m] [0m[0mUnhandled notification received: textDocument/didClose: JsonRpcNotificationMessage(2.0, textDocument/didClose, {"textDocument":{"uri":"file:///c%3A/Users/grego/OneDrive/Documents/Istic/L2/S2/TP345/src/main/scala/application/ProductionResultat.scala"}})[0m
