2023.03.01 22:11:01 INFO  Started: Metals version 0.11.10+167-add6d4b8-SNAPSHOT in workspace 'C:\Users\Utilisateur\Desktop\Cours\Univ\L2\GEN\tp345' for client Visual Studio Code 1.75.1.
SLF4J: No SLF4J providers were found.
SLF4J: Defaulting to no-operation (NOP) logger implementation
SLF4J: See https://www.slf4j.org/codes.html#noProviders for further details.
SLF4J: Class path contains SLF4J bindings targeting slf4j-api versions 1.7.x or earlier.
SLF4J: Ignoring binding found at [jar:file:/C:/Users/Utilisateur/AppData/Local/Coursier/cache/v1/https/repo1.maven.org/maven2/com/outr/scribe-slf4j_2.13/3.11.0/scribe-slf4j_2.13-3.11.0.jar!/org/slf4j/impl/StaticLoggerBinder.class]
SLF4J: See https://www.slf4j.org/codes.html#ignoredBindings for an explanation.
2023.03.01 22:11:02 INFO  time: initialize in 0.65s
2023.03.01 22:11:04 WARN  Build server is not auto-connectable.
2023.03.01 22:17:32 WARN  no build target for: C:\Users\Utilisateur\Desktop\Cours\Univ\L2\GEN\tp345\src\main\scala\application\Application.scala
2023.03.01 22:17:38 INFO  no build target found for C:\Users\Utilisateur\Desktop\Cours\Univ\L2\GEN\tp345\src\main\scala\application\Application.scala. Using presentation compiler with project's scala-library version: 3.2.2
2023.03.01 22:17:40 INFO  time: code lens generation in 6.97s
mars 01, 2023 10:21:26 PM org.eclipse.lsp4j.jsonrpc.services.GenericEndpoint notify
INFO: Unsupported notification method: $/setTrace
2023.03.01 22:23:44 WARN  no build target for: C:\Users\Utilisateur\Desktop\Cours\Univ\L2\GEN\tp345\src\main\scala\application\Application.scala
2023.03.01 22:23:46 WARN  no build target for: C:\Users\Utilisateur\Desktop\Cours\Univ\L2\GEN\tp345\src\main\scala\application\FiltrageHTML.scala
2023.03.01 22:23:52 WARN  no build target for: C:\Users\Utilisateur\Desktop\Cours\Univ\L2\GEN\tp345\src\main\scala\application\Application.scala
2023.03.01 22:23:54 WARN  no build target for: C:\Users\Utilisateur\Desktop\Cours\Univ\L2\GEN\tp345\src\main\scala\application\HTMLToString.scala
2023.03.01 22:24:03 WARN  no build target for: C:\Users\Utilisateur\Desktop\Cours\Univ\L2\GEN\tp345\src\main\scala\application\HTMLToString.scala
2023.03.01 22:25:02 WARN  no build target for: C:\Users\Utilisateur\Desktop\Cours\Univ\L2\GEN\tp345\src\main\scala\application\Application.scala
2023.03.01 22:25:20 WARN  no build target for: C:\Users\Utilisateur\Desktop\Cours\Univ\L2\GEN\tp345\src\main\scala\application\Application.scala
2023.03.01 22:29:04 WARN  no build target for: C:\Users\Utilisateur\Desktop\Cours\Univ\L2\GEN\tp345\src\main\scala\application\AnalysePage.scala
2023.03.01 22:29:19 WARN  no build target for: C:\Users\Utilisateur\Desktop\Cours\Univ\L2\GEN\tp345\src\main\scala\application\FiltrageHTML.scala
2023.03.01 22:29:29 WARN  no build target for: C:\Users\Utilisateur\Desktop\Cours\Univ\L2\GEN\tp345\src\main\scala\application\FiltrageURL.scala
2023.03.01 22:29:55 WARN  no build target for: C:\Users\Utilisateur\Desktop\Cours\Univ\L2\GEN\tp345\src\main\scala\application\ProductionResultat.scala
2023.03.01 22:30:21 WARN  no build target for: C:\Users\Utilisateur\Desktop\Cours\Univ\L2\GEN\tp345\src\main\scala\library\Decoupage.scala
2023.03.01 22:30:35 WARN  no build target for: C:\Users\Utilisateur\Desktop\Cours\Univ\L2\GEN\tp345\src\main\scala\library\Expression.scala
2023.03.01 22:30:41 WARN  no build target for: C:\Users\Utilisateur\Desktop\Cours\Univ\L2\GEN\tp345\src\main\scala\library\HtmlStructure.scala
2023.03.01 22:30:56 WARN  no build target for: C:\Users\Utilisateur\Desktop\Cours\Univ\L2\GEN\tp345\src\main\scala\library\OutilsWeb.scala
2023.03.01 22:32:42 WARN  no build target for: C:\Users\Utilisateur\Desktop\Cours\Univ\L2\GEN\tp345\src\main\scala\application\AnalysePage.scala
2023.03.01 22:32:45 WARN  no build target for: C:\Users\Utilisateur\Desktop\Cours\Univ\L2\GEN\tp345\src\main\scala\application\AnalysePage.scala
2023.03.01 22:32:45 WARN  no build target for: C:\Users\Utilisateur\Desktop\Cours\Univ\L2\GEN\tp345\src\main\scala\application\AnalysePage.scala
2023.03.03 20:05:00 INFO  Shutting down server
2023.03.03 20:05:00 INFO  shutting down Metals
2023.03.03 20:05:00 INFO  Exiting server
2023.03.03 20:05:21 INFO  Started: Metals version 0.11.10+167-add6d4b8-SNAPSHOT in workspace 'C:\Users\Utilisateur\Desktop\Cours\Univ\L2\GEN\tp345' for client Visual Studio Code 1.75.1.
SLF4J: No SLF4J providers were found.
SLF4J: Defaulting to no-operation (NOP) logger implementation
SLF4J: See https://www.slf4j.org/codes.html#noProviders for further details.
SLF4J: Class path contains SLF4J bindings targeting slf4j-api versions 1.7.x or earlier.
SLF4J: Ignoring binding found at [jar:file:/C:/Users/Utilisateur/AppData/Local/Coursier/cache/v1/https/repo1.maven.org/maven2/com/outr/scribe-slf4j_2.13/3.11.0/scribe-slf4j_2.13-3.11.0.jar!/org/slf4j/impl/StaticLoggerBinder.class]
SLF4J: See https://www.slf4j.org/codes.html#ignoredBindings for an explanation.
2023.03.03 20:05:22 INFO  time: initialize in 0.93s
2023.03.03 20:05:25 WARN  Build server is not auto-connectable.
2023.03.03 20:15:44 INFO  Shutting down server
2023.03.03 20:15:44 INFO  shutting down Metals
2023.03.03 20:15:44 INFO  Exiting server
